<?xml version="1.0" encoding="UTF-8"?>
<testng-results ignored="0" total="1" passed="1" failed="0" skipped="0">
  <reporter-output>
  </reporter-output>
  <suite started-at="2025-02-01T08:38:38 IST" name="Default suite" finished-at="2025-02-01T08:38:40 IST" duration-ms="1316">
    <groups>
    </groups>
    <test started-at="2025-02-01T08:38:38 IST" name="Default test" finished-at="2025-02-01T08:38:40 IST" duration-ms="1316">
      <class name="dataIntegrity.ForeignKeyConstraint">
        <test-method signature="testForeignKeyConstraint()[pri:0, instance:dataIntegrity.ForeignKeyConstraint@c730b35]" started-at="2025-02-01T08:38:38 IST" name="testForeignKeyConstraint" finished-at="2025-02-01T08:38:40 IST" duration-ms="1281" status="PASS">
          <reporter-output>
          </reporter-output>
        </test-method> <!-- testForeignKeyConstraint -->
      </class> <!-- dataIntegrity.ForeignKeyConstraint -->
    </test> <!-- Default test -->
  </suite> <!-- Default suite -->
</testng-results>
